[20:00:47] [main/INFO]: Setting user: Player986
[20:00:48] [Client thread/INFO]: LWJGL Version: 2.9.1
[20:00:51] [Client thread/INFO]: Reloading ResourceManager: Default, FMLFileResourcePack:Forge Mod Loader, FMLFileResourcePack:Minecraft Forge, FMLFileResourcePack:Derpy Fish Mod
[20:00:52] [Sound Library Loader/INFO]: Sound engine started
[20:00:52] [Client thread/INFO]: Created: 512x256 textures/blocks-atlas
[20:00:52] [Client thread/INFO]: Created: 256x256 textures/items-atlas
[20:00:52] [Client thread/INFO]: Reloading ResourceManager: Default, FMLFileResourcePack:Forge Mod Loader, FMLFileResourcePack:Minecraft Forge, FMLFileResourcePack:Derpy Fish Mod
[20:00:52] [Client thread/INFO]: Created: 512x256 textures/blocks-atlas
[20:00:53] [Client thread/INFO]: Created: 256x256 textures/items-atlas
[20:00:53] [Sound Library Loader/INFO]: Sound engine started
[20:00:56] [Server thread/INFO]: Starting integrated minecraft server version 1.7.10
[20:00:56] [Server thread/INFO]: Generating keypair
[20:00:56] [Server thread/INFO]: Preparing start region for level 0
[20:00:56] [Server thread/INFO]: Changing view distance to 12, from 10
[20:00:57] [Server thread/INFO]: Player986[local:E:a381282f] logged in with entity id 104 at (-1021.1688842139374, 56.0, -1416.075235214969)
[20:00:57] [Server thread/INFO]: Player986 joined the game
[20:01:00] [Client thread/INFO]: [CHAT] /summon, /spreadplayers, /seed, /scoreboard, /say, /spawnpoint, /setblock, /setworldspawn
[20:01:01] [Client thread/INFO]: [CHAT] MinecartChest, EyeOfEnderSignal, ItemFrame, MinecartCommandBlock, Item, EntityHorse, Fireball, EnderDragon, MinecartTNT, Villager, ThrownPotion, SnowMan, LeashKnot, Arrow, MushroomCow, LavaSlime, Zombie, MinecartSpawner, EnderCrystal, Snowball, Enderman, CaveSpider, MinecartHopper, XPOrb, ThrownExpBottle, FireworksRocketEntity, Chicken, FallingSand, Giant, VillagerGolem, PrimedTnt, Creeper, ThrownEnderpearl, Silverfish, FishMob, Squid, Monster, Skeleton, SmallFireball, MinecartRideable, Wolf, Witch, Mob, Ozelot, Cow, Slime, Painting, Pig, MinecartFurnace, Bat, Blaze, WitherBoss, PigZombie, Spider, Ghast, Sheep, WitherSkull, Boat
[20:01:02] [Client thread/INFO]: [CHAT] MinecartChest, EyeOfEnderSignal, ItemFrame, MinecartCommandBlock, Item, EntityHorse, Fireball, EnderDragon, MinecartTNT, Villager, ThrownPotion, SnowMan, LeashKnot, Arrow, MushroomCow, LavaSlime, Zombie, MinecartSpawner, EnderCrystal, Snowball, Enderman, CaveSpider, MinecartHopper, XPOrb, ThrownExpBottle, FireworksRocketEntity, Chicken, FallingSand, Giant, VillagerGolem, PrimedTnt, Creeper, ThrownEnderpearl, Silverfish, FishMob, Squid, Monster, Skeleton, SmallFireball, MinecartRideable, Wolf, Witch, Mob, Ozelot, Cow, Slime, Painting, Pig, MinecartFurnace, Bat, Blaze, WitherBoss, PigZombie, Spider, Ghast, Sheep, WitherSkull, Boat
[20:01:06] [Client thread/INFO]: [CHAT] Fireball, FireworksRocketEntity, FallingSand, FishMob
[20:01:07] [Client thread/INFO]: [CHAT] Fireball, FireworksRocketEntity, FallingSand, FishMob
[20:01:07] [Client thread/INFO]: [CHAT] Fireball, FireworksRocketEntity, FallingSand, FishMob
[20:01:08] [Client thread/INFO]: [CHAT] Fireball, FireworksRocketEntity, FallingSand, FishMob
[20:01:08] [Server thread/INFO]: [Player986: Object successfully summoned]
[20:01:08] [Client thread/INFO]: [CHAT] Object successfully summoned
[20:01:15] [Server thread/INFO]: Player986 has just earned the achievement [Taking Inventory]
[20:01:15] [Client thread/INFO]: [CHAT] Player986 has just earned the achievement [Taking Inventory]
[20:02:39] [Server thread/INFO]: Saving and pausing game...
[20:02:39] [Server thread/INFO]: Saving chunks for level 'Fish'/Overworld
[20:02:39] [Server thread/INFO]: Saving chunks for level 'Fish'/Nether
[20:02:39] [Server thread/INFO]: Saving chunks for level 'Fish'/The End
[20:03:22] [Server thread/INFO]: Saving and pausing game...
[20:03:22] [Server thread/INFO]: Saving chunks for level 'Fish'/Overworld
[20:03:22] [Server thread/INFO]: Saving chunks for level 'Fish'/Nether
[20:03:22] [Server thread/INFO]: Saving chunks for level 'Fish'/The End
[20:04:11] [Server thread/INFO]: Saving and pausing game...
[20:04:11] [Server thread/INFO]: Saving chunks for level 'Fish'/Overworld
[20:04:11] [Server thread/INFO]: Saving chunks for level 'Fish'/Nether
[20:04:11] [Server thread/INFO]: Saving chunks for level 'Fish'/The End
[20:06:47] [Server thread/INFO]: Saving and pausing game...
[20:06:47] [Server thread/INFO]: Saving chunks for level 'Fish'/Overworld
[20:06:47] [Server thread/INFO]: Saving chunks for level 'Fish'/Nether
[20:06:47] [Server thread/INFO]: Saving chunks for level 'Fish'/The End
[20:06:48] [Server thread/INFO]: Stopping server
[20:06:48] [Server thread/INFO]: Saving players
[20:06:48] [Server thread/INFO]: Saving worlds
[20:06:48] [Server thread/INFO]: Saving chunks for level 'Fish'/Overworld
[20:06:48] [Server thread/INFO]: Saving chunks for level 'Fish'/Nether
[20:06:48] [Server thread/INFO]: Saving chunks for level 'Fish'/The End
[20:06:49] [Client thread/INFO]: Stopping!
